2025-10-20 21:15:22,114 - ERROR - Ошибка инициализации Google Sheets: AI News Hub
2025-10-20 21:15:22,114 - ERROR - Не удалось запустить публикатор: AI News Hub
2025-10-20 21:23:32,845 - ERROR - Ошибка инициализации Google Sheets: AI News Hub
2025-10-20 21:23:32,846 - ERROR - Не удалось запустить публикатор: AI News Hub
2025-10-20 21:25:17,127 - INFO - === Начало обработки новостей ===
2025-10-20 21:25:17,959 - INFO - Загружено записей: 1
2025-10-20 21:25:17,960 - INFO - Обработка [1]: Новость 1
2025-10-20 21:25:19,324 - INFO - Успешно опубликовано. ID поста: 1
2025-10-20 21:25:21,266 - INFO - Статус обновлен для строки 2
2025-10-20 21:25:22,267 - INFO - === Обработка завершена ===
2025-10-20 21:25:22,267 - INFO - Обработано: 1
2025-10-20 21:25:22,267 - INFO - Успешно: 1
2025-10-20 21:25:22,268 - INFO - Ошибки: 0
2025-10-20 21:57:20,950 - INFO - === Начало обработки новостей ===
2025-10-20 21:57:21,856 - INFO - Загружено записей: 2
2025-10-20 21:57:21,856 - INFO - Обработка [1]: Новость 2
2025-10-20 21:57:22,835 - INFO - Успешно опубликовано. ID поста: 2
2025-10-20 21:57:23,362 - INFO - Статус обновлен для строки 3
2025-10-20 21:57:24,363 - INFO - === Обработка завершена ===
2025-10-20 21:57:24,363 - INFO - Обработано: 1
2025-10-20 21:57:24,363 - INFO - Успешно: 1
2025-10-20 21:57:24,363 - INFO - Ошибки: 0
2025-10-21 02:07:19,924 - INFO - === Начало обработки новостей ===
2025-10-21 02:07:20,764 - INFO - Загружено записей: 3
2025-10-21 02:07:20,764 - INFO - === Обработка завершена ===
2025-10-21 02:07:20,764 - INFO - Обработано: 0
2025-10-21 02:07:20,764 - INFO - Успешно: 0
2025-10-21 02:07:20,764 - INFO - Ошибки: 0
2025-10-21 02:07:20,764 - INFO - Нет подходящих новостей для публикации
2025-10-21 02:07:43,553 - INFO - === Начало обработки новостей ===
2025-10-21 02:07:44,662 - INFO - Загружено записей: 2
2025-10-21 02:07:44,662 - INFO - === Обработка завершена ===
2025-10-21 02:07:44,663 - INFO - Обработано: 0
2025-10-21 02:07:44,663 - INFO - Успешно: 0
2025-10-21 02:07:44,663 - INFO - Ошибки: 0
2025-10-21 02:07:44,663 - INFO - Нет подходящих новостей для публикации
2025-10-21 02:08:01,420 - INFO - === Начало обработки новостей ===
2025-10-21 02:08:01,683 - INFO - Загружено записей: 3
2025-10-21 02:08:01,683 - INFO - === Обработка завершена ===
2025-10-21 02:08:01,684 - INFO - Обработано: 0
2025-10-21 02:08:01,684 - INFO - Успешно: 0
2025-10-21 02:08:01,684 - INFO - Ошибки: 0
2025-10-21 02:08:01,684 - INFO - Нет подходящих новостей для публикации
2025-10-21 02:08:34,402 - INFO - === Начало обработки новостей ===
2025-10-21 02:08:35,241 - INFO - Загружено записей: 4
2025-10-21 02:08:35,242 - INFO - === Обработка завершена ===
2025-10-21 02:08:35,242 - INFO - Обработано: 0
2025-10-21 02:08:35,242 - INFO - Успешно: 0
2025-10-21 02:08:35,242 - INFO - Ошибки: 0
2025-10-21 02:08:35,242 - INFO - Нет подходящих новостей для публикации
2025-10-21 02:14:05,004 - INFO - === Начало обработки новостей ===
2025-10-21 02:14:05,876 - INFO - 📊 Загружено записей: 4
2025-10-21 02:14:05,877 - INFO - === Обработка завершена ===
2025-10-21 02:14:05,878 - INFO - 📈 Обработано: 0
2025-10-21 02:14:05,878 - INFO - ✅ Успешно: 0
2025-10-21 02:15:17,992 - INFO - === Начало обработки новостей ===
2025-10-21 02:15:18,840 - INFO - 📊 Загружено записей: 5
2025-10-21 02:15:18,841 - INFO - === Обработка завершена ===
2025-10-21 02:15:18,841 - INFO - 📈 Обработано: 0
2025-10-21 02:15:18,841 - INFO - ✅ Успешно: 0
2025-10-21 02:17:51,529 - INFO - === Начало обработки новостей ===
2025-10-21 02:17:52,358 - INFO - 📊 Загружено записей: 5
2025-10-21 02:17:52,358 - INFO - 📝 Обработка [1]: Новость 3
2025-10-21 02:17:53,615 - INFO - ✅ Пост опубликован! ID: 4
2025-10-21 02:17:57,264 - WARNING - ⚠️ Пост 4 не найден при проверке
2025-10-21 02:17:59,024 - INFO - ✅ Статус обновлен для строки 4
2025-10-21 02:18:01,026 - INFO - 📝 Обработка [2]: Новость 4
2025-10-21 02:18:02,223 - INFO - ✅ Пост опубликован! ID: 5
2025-10-21 02:18:06,067 - WARNING - ⚠️ Пост 5 не найден при проверке
2025-10-21 02:18:08,066 - INFO - ✅ Статус обновлен для строки 5
2025-10-21 02:18:10,067 - INFO - 📝 Обработка [3]: р7
2025-10-21 02:18:11,286 - INFO - ✅ Пост опубликован! ID: 6
2025-10-21 02:18:15,451 - WARNING - ⚠️ Пост 6 не найден при проверке
2025-10-21 02:18:17,107 - INFO - ✅ Статус обновлен для строки 6
2025-10-21 02:18:19,108 - INFO - === Обработка завершена ===
2025-10-21 02:18:19,108 - INFO - 📈 Обработано: 3
2025-10-21 02:18:19,108 - INFO - ✅ Успешно: 3
